2022-03-12T13:45:02.6152331 Error getting balance: 404 : [{"timestamp":"2022-03-12T19:45:02.585+00:00","status":404,"error":"Not Found","message":"No message available","path":"/account/balance"}]
2022-03-12T17:20:30.1186654 Error getting balance: 404 : [{"timestamp":"2022-03-12T23:20:30.098+00:00","status":404,"error":"Not Found","message":"No message available","path":"/transfer/alltransfers/1004"}]
2022-03-12T17:20:46.8778031 Error getting balance: 404 : [{"timestamp":"2022-03-12T23:20:46.877+00:00","status":404,"error":"Not Found","message":"No message available","path":"/transfer/alltransfers/1004"}]
2022-03-12T17:20:49.1350785 Error getting balance: 404 : [{"timestamp":"2022-03-12T23:20:49.135+00:00","status":404,"error":"Not Found","message":"No message available","path":"/transfer/alltransfers/1004"}]
2022-03-12T17:21:19.9744859 Error getting balance: 404 : [{"timestamp":"2022-03-12T23:21:19.954+00:00","status":404,"error":"Not Found","message":"No message available","path":"/transfer/alltransfers/1004"}]
2022-03-12T17:24:12.1013004 Error getting balance: 500 : [{"timestamp":"2022-03-12T23:24:12.091+00:00","status":500,"error":"Internal Server Error","message":"PreparedStatementCallback; bad SQL grammar [SELECT * FROM transfer JOIN account ON account_from.tra... (413 bytes)]
2022-03-12T17:25:11.7130655 Error getting balance: 500 : [{"timestamp":"2022-03-12T23:25:11.693+00:00","status":500,"error":"Internal Server Error","message":"PreparedStatementCallback; bad SQL grammar [SELECT * FROM transfer JOIN account ON account_from.tra... (413 bytes)]
2022-03-12T17:40:36.3167445 Error getting balance: 500 : [{"timestamp":"2022-03-12T23:40:36.296+00:00","status":500,"error":"Internal Server Error","message":"PreparedStatementCallback; bad SQL grammar [SELECT * FROM transfer JOIN account ON account_from.tra... (413 bytes)]
2022-03-12T18:21:28.1818488 401 : [no body]
2022-03-12T18:24:34.388025 401 : [no body]
2022-03-12T18:44:17.756836 400 : [{"timestamp":"2022-03-13T00:44:17.706+00:00","status":400,"error":"Bad Request","message":"User registration failed.","path":"/register"}]
2022-03-12T18:44:52.2989907 Error getting balance: 500 : [<!doctype html><html lang="en"><head><title>HTTP Status 500 – Internal Server Error</title><style type="text/css">body {font-family:Tahoma,Arial,sans-serif;} h1, h2, h3, b {color:white;background-colo... (455 bytes)]
2022-03-12T18:45:32.9381577 400 : [{"timestamp":"2022-03-13T00:45:32.918+00:00","status":400,"error":"Bad Request","message":"User registration failed.","path":"/register"}]
2022-03-12T18:47:21.1351788 401 : [no body]
2022-03-12T18:47:25.258947 401 : [no body]
2022-03-12T18:47:30.0802154 400 : [{"timestamp":"2022-03-13T00:47:30.060+00:00","status":400,"error":"Bad Request","message":"Validation failed for object='registerUserDTO'. Error count: 2","errors":[{"codes":["NotEmpty.registerUserDTO... (947 bytes)]
2022-03-12T18:47:35.0590505 400 : [{"timestamp":"2022-03-13T00:47:35.059+00:00","status":400,"error":"Bad Request","message":"User registration failed.","path":"/register"}]
2022-03-12T18:47:53.3842956 400 : [{"timestamp":"2022-03-13T00:47:53.384+00:00","status":400,"error":"Bad Request","message":"User registration failed.","path":"/register"}]
2022-03-12T18:57:41.9452671 401 : [no body]
2022-03-12T20:16:41.8539703 Error getting transfer history: 404 : [{"timestamp":"2022-03-13T02:16:41.833+00:00","status":404,"error":"Not Found","message":"No message available","path":"/transfers/3001"}]
2022-03-12T20:36:28.7731094 Error getting transfer history: 404 : [{"timestamp":"2022-03-13T02:36:28.743+00:00","status":404,"error":"Not Found","message":"No message available","path":"/transfers/3003"}]
2022-03-12T20:55:30.7952561 400 : [{"timestamp":"2022-03-13T02:55:30.725+00:00","status":400,"error":"Bad Request","message":"Validation failed for object='registerUserDTO'. Error count: 1","errors":[{"codes":["NotEmpty.registerUserDTO... (566 bytes)]
